<?xml version="1.0" encoding="UTF-8"?>
<!-- Generated by org.testng.reporters.JUnitXMLReporter -->
<testsuite hostname="DESKTOP-6VUTV55" ignored="0" name="Test" tests="6" failures="0" timestamp="10 Mar 2019 12:59:31 GMT" time="0.203" errors="0">
  <testcase name="browser" time="0.031" classname="qaclickacademy.SeleniumTest"/>
  <testcase name="elements" time="0.0" classname="qaclickacademy.SeleniumTest"/>
  <testcase name="deleteTwitter" time="0.0" classname="qaclickacademy.RestApiTest"/>
  <testcase name="postJira" time="0.0" classname="qaclickacademy.RestApiTest"/>
  <testcase name="IosApps" time="0.0" classname="qaclickacademy.AppiumTest"/>
  <testcase name="nativeApp" time="0.0" classname="qaclickacademy.AppiumTest"/>
</testsuite> <!-- Test -->
